mode: set
go-algorithm/pkg/structures/queue/circular_queue.go:15.62,23.2 1 1
go-algorithm/pkg/structures/queue/circular_queue.go:25.51,26.16 1 1
go-algorithm/pkg/structures/queue/circular_queue.go:26.16,28.3 1 1
go-algorithm/pkg/structures/queue/circular_queue.go:29.2,32.12 4 1
go-algorithm/pkg/structures/queue/circular_queue.go:35.49,36.17 1 1
go-algorithm/pkg/structures/queue/circular_queue.go:36.17,39.3 2 1
go-algorithm/pkg/structures/queue/circular_queue.go:40.2,43.17 4 1
go-algorithm/pkg/structures/queue/circular_queue.go:46.42,48.2 1 1
go-algorithm/pkg/structures/queue/circular_queue.go:50.43,52.2 1 1
go-algorithm/pkg/structures/queue/circular_queue.go:54.39,56.2 1 1
go-algorithm/pkg/structures/queue/queue.go:22.44,24.2 1 1
go-algorithm/pkg/structures/queue/queue.go:26.42,28.2 1 1
go-algorithm/pkg/structures/queue/queue.go:30.46,31.17 1 1
go-algorithm/pkg/structures/queue/queue.go:31.17,34.3 2 1
go-algorithm/pkg/structures/queue/queue.go:35.2,38.17 3 1
go-algorithm/pkg/structures/queue/queue.go:41.43,42.17 1 1
go-algorithm/pkg/structures/queue/queue.go:42.17,45.3 2 1
go-algorithm/pkg/structures/queue/queue.go:46.2,46.24 1 1
go-algorithm/pkg/structures/queue/queue.go:49.40,51.2 1 1
go-algorithm/pkg/structures/queue/queue.go:53.36,55.2 1 1
go-algorithm/pkg/structures/queue/queue.go:62.42,64.2 1 1
go-algorithm/pkg/structures/queue/queue.go:66.41,68.2 1 1
go-algorithm/pkg/structures/queue/queue.go:70.45,71.17 1 1
go-algorithm/pkg/structures/queue/queue.go:71.17,74.3 2 1
go-algorithm/pkg/structures/queue/queue.go:75.2,75.25 1 1
go-algorithm/pkg/structures/queue/queue.go:78.42,79.17 1 1
go-algorithm/pkg/structures/queue/queue.go:79.17,82.3 2 1
go-algorithm/pkg/structures/queue/queue.go:83.2,83.22 1 1
go-algorithm/pkg/structures/queue/queue.go:86.39,88.2 1 1
go-algorithm/pkg/structures/queue/queue.go:90.35,92.2 1 1
