mode: set
go-algorithm/pkg/structures/list/doubly_linked_list.go:20.46,22.2 1 1
go-algorithm/pkg/structures/list/doubly_linked_list.go:25.50,27.19 2 1
go-algorithm/pkg/structures/list/doubly_linked_list.go:27.19,30.3 2 1
go-algorithm/pkg/structures/list/doubly_linked_list.go:30.8,34.3 3 1
go-algorithm/pkg/structures/list/doubly_linked_list.go:35.2,35.10 1 1
go-algorithm/pkg/structures/list/doubly_linked_list.go:39.49,41.19 2 1
go-algorithm/pkg/structures/list/doubly_linked_list.go:41.19,44.3 2 1
go-algorithm/pkg/structures/list/doubly_linked_list.go:44.8,48.3 3 1
go-algorithm/pkg/structures/list/doubly_linked_list.go:49.2,49.10 1 1
go-algorithm/pkg/structures/list/doubly_linked_list.go:53.42,55.2 1 1
go-algorithm/pkg/structures/list/doubly_linked_list.go:58.57,59.34 1 1
go-algorithm/pkg/structures/list/doubly_linked_list.go:59.34,62.3 2 0
go-algorithm/pkg/structures/list/doubly_linked_list.go:64.2,65.22 2 1
go-algorithm/pkg/structures/list/doubly_linked_list.go:65.22,67.30 2 1
go-algorithm/pkg/structures/list/doubly_linked_list.go:67.30,69.4 1 0
go-algorithm/pkg/structures/list/doubly_linked_list.go:70.8,72.39 2 1
go-algorithm/pkg/structures/list/doubly_linked_list.go:72.39,74.4 1 1
go-algorithm/pkg/structures/list/doubly_linked_list.go:76.2,76.27 1 1
go-algorithm/pkg/structures/list/doubly_linked_list.go:80.66,81.33 1 1
go-algorithm/pkg/structures/list/doubly_linked_list.go:81.33,83.3 1 0
go-algorithm/pkg/structures/list/doubly_linked_list.go:85.2,85.16 1 1
go-algorithm/pkg/structures/list/doubly_linked_list.go:85.16,88.3 2 1
go-algorithm/pkg/structures/list/doubly_linked_list.go:90.2,90.21 1 1
go-algorithm/pkg/structures/list/doubly_linked_list.go:90.21,93.3 2 1
go-algorithm/pkg/structures/list/doubly_linked_list.go:95.2,98.22 3 1
go-algorithm/pkg/structures/list/doubly_linked_list.go:98.22,100.30 2 0
go-algorithm/pkg/structures/list/doubly_linked_list.go:100.30,102.4 1 0
go-algorithm/pkg/structures/list/doubly_linked_list.go:103.8,105.39 2 1
go-algorithm/pkg/structures/list/doubly_linked_list.go:105.39,107.4 1 1
go-algorithm/pkg/structures/list/doubly_linked_list.go:110.2,119.12 7 1
go-algorithm/pkg/structures/list/doubly_linked_list.go:123.60,124.34 1 1
go-algorithm/pkg/structures/list/doubly_linked_list.go:124.34,127.3 2 0
go-algorithm/pkg/structures/list/doubly_linked_list.go:129.2,131.16 2 1
go-algorithm/pkg/structures/list/doubly_linked_list.go:131.16,134.20 3 1
go-algorithm/pkg/structures/list/doubly_linked_list.go:134.20,136.4 1 1
go-algorithm/pkg/structures/list/doubly_linked_list.go:136.9,138.4 1 1
go-algorithm/pkg/structures/list/doubly_linked_list.go:139.3,140.31 2 1
go-algorithm/pkg/structures/list/doubly_linked_list.go:143.2,143.23 1 1
go-algorithm/pkg/structures/list/doubly_linked_list.go:143.23,146.20 3 1
go-algorithm/pkg/structures/list/doubly_linked_list.go:146.20,148.4 1 1
go-algorithm/pkg/structures/list/doubly_linked_list.go:148.9,150.4 1 0
go-algorithm/pkg/structures/list/doubly_linked_list.go:151.3,152.31 2 1
go-algorithm/pkg/structures/list/doubly_linked_list.go:155.2,155.22 1 1
go-algorithm/pkg/structures/list/doubly_linked_list.go:155.22,157.30 2 0
go-algorithm/pkg/structures/list/doubly_linked_list.go:157.30,159.4 1 0
go-algorithm/pkg/structures/list/doubly_linked_list.go:160.8,162.39 2 1
go-algorithm/pkg/structures/list/doubly_linked_list.go:162.39,164.4 1 1
go-algorithm/pkg/structures/list/doubly_linked_list.go:167.2,174.30 6 1
go-algorithm/pkg/structures/list/doubly_linked_list.go:178.39,182.2 3 1
go-algorithm/pkg/structures/list/singly_linked_list.go:19.34,21.2 1 1
go-algorithm/pkg/structures/list/singly_linked_list.go:24.44,26.19 2 1
go-algorithm/pkg/structures/list/singly_linked_list.go:26.19,29.3 2 1
go-algorithm/pkg/structures/list/singly_linked_list.go:29.8,32.3 2 1
go-algorithm/pkg/structures/list/singly_linked_list.go:33.2,33.10 1 1
go-algorithm/pkg/structures/list/singly_linked_list.go:37.43,39.19 2 1
go-algorithm/pkg/structures/list/singly_linked_list.go:39.19,42.3 2 1
go-algorithm/pkg/structures/list/singly_linked_list.go:42.8,45.3 2 1
go-algorithm/pkg/structures/list/singly_linked_list.go:46.2,46.10 1 1
go-algorithm/pkg/structures/list/singly_linked_list.go:50.36,52.2 1 1
go-algorithm/pkg/structures/list/singly_linked_list.go:55.51,56.34 1 1
go-algorithm/pkg/structures/list/singly_linked_list.go:56.34,59.3 2 1
go-algorithm/pkg/structures/list/singly_linked_list.go:61.2,62.29 2 1
go-algorithm/pkg/structures/list/singly_linked_list.go:62.29,64.3 1 1
go-algorithm/pkg/structures/list/singly_linked_list.go:65.2,65.27 1 1
go-algorithm/pkg/structures/list/singly_linked_list.go:69.60,70.33 1 1
go-algorithm/pkg/structures/list/singly_linked_list.go:70.33,72.3 1 1
go-algorithm/pkg/structures/list/singly_linked_list.go:74.2,74.16 1 1
go-algorithm/pkg/structures/list/singly_linked_list.go:74.16,77.3 2 1
go-algorithm/pkg/structures/list/singly_linked_list.go:79.2,79.21 1 1
go-algorithm/pkg/structures/list/singly_linked_list.go:79.21,82.3 2 1
go-algorithm/pkg/structures/list/singly_linked_list.go:84.2,86.31 3 1
go-algorithm/pkg/structures/list/singly_linked_list.go:86.31,88.3 1 0
go-algorithm/pkg/structures/list/singly_linked_list.go:90.2,93.12 4 1
go-algorithm/pkg/structures/list/singly_linked_list.go:97.54,98.34 1 1
go-algorithm/pkg/structures/list/singly_linked_list.go:98.34,101.3 2 1
go-algorithm/pkg/structures/list/singly_linked_list.go:103.2,105.16 2 1
go-algorithm/pkg/structures/list/singly_linked_list.go:105.16,108.20 3 1
go-algorithm/pkg/structures/list/singly_linked_list.go:108.20,110.4 1 1
go-algorithm/pkg/structures/list/singly_linked_list.go:111.3,112.31 2 1
go-algorithm/pkg/structures/list/singly_linked_list.go:115.2,116.31 2 1
go-algorithm/pkg/structures/list/singly_linked_list.go:116.31,118.3 1 0
go-algorithm/pkg/structures/list/singly_linked_list.go:120.2,123.23 3 1
go-algorithm/pkg/structures/list/singly_linked_list.go:123.23,125.3 1 0
go-algorithm/pkg/structures/list/singly_linked_list.go:127.2,129.23 3 1
go-algorithm/pkg/structures/list/singly_linked_list.go:133.33,137.2 3 1
